<?xml version="1.0" encoding="UTF-8"?>
<!-- Generated by org.testng.reporters.JUnitReportReporter -->
<testsuite skipped="0" hostname="dell" name="qaclickacademy.APITest" tests="2" failures="0" timestamp="01 Dec 2018 06:36:47 GMT" time="0.006" errors="0">
  <testcase name="API2" time="0.003" classname="qaclickacademy.APITest"/>
  <testcase name="API1" time="0.003" classname="qaclickacademy.APITest"/>
</testsuite> <!-- qaclickacademy.APITest -->
