<?xml version="1.0" encoding="UTF-8"?>
<!-- Generated by org.testng.reporters.JUnitReportReporter -->
<testsuite skipped="0" hostname="dell" name="qaclickacademy.AppiumTest" tests="2" failures="0" timestamp="01 Dec 2018 06:36:47 GMT" time="0.049" errors="0">
  <testcase name="Appium1" time="0.042" classname="qaclickacademy.AppiumTest"/>
  <testcase name="Appium2" time="0.007" classname="qaclickacademy.AppiumTest"/>
</testsuite> <!-- qaclickacademy.AppiumTest -->
