<?xml version="1.0" encoding="UTF-8"?>
<!-- Generated by org.testng.reporters.JUnitReportReporter -->
<testsuite skipped="0" hostname="dell" name="qaclickacademy.SeleniumTest" tests="2" failures="0" timestamp="01 Dec 2018 06:36:47 GMT" time="0.013" errors="0">
  <testcase name="Selenium1" time="0.004" classname="qaclickacademy.SeleniumTest"/>
  <testcase name="Selenium2" time="0.009" classname="qaclickacademy.SeleniumTest"/>
</testsuite> <!-- qaclickacademy.SeleniumTest -->
