<?xml version="1.0" encoding="UTF-8"?>
<!-- Generated by org.testng.reporters.JUnitReportReporter -->
<testsuite skipped="0" hostname="dell" name="qaclickacademy.SeleniumTest" tests="2" failures="0" timestamp="2018-09-13T14:44:15 IST" time="0.004" errors="0">
  <testcase name="Selenium2" time="0.002" classname="qaclickacademy.SeleniumTest"/>
  <testcase name="Selenium1" time="0.002" classname="qaclickacademy.SeleniumTest"/>
</testsuite> <!-- qaclickacademy.SeleniumTest -->
