<?xml version="1.0" encoding="UTF-8"?>
<!-- Generated by org.testng.reporters.JUnitReportReporter -->
<testsuite skipped="0" hostname="dell" name="qaclickacademy.APITest" tests="2" failures="0" timestamp="2018-09-13T14:46:26 IST" time="0.021" errors="0">
  <testcase name="API2" time="0.000" classname="qaclickacademy.APITest"/>
  <testcase name="API1" time="0.021" classname="qaclickacademy.APITest"/>
</testsuite> <!-- qaclickacademy.APITest -->
