<?xml version="1.0" encoding="UTF-8"?>
<!-- Generated by org.testng.reporters.JUnitReportReporter -->
<testsuite skipped="0" hostname="dell" name="qaclickacademy.AppiumTest" tests="2" failures="0" timestamp="2018-09-13T14:44:15 IST" time="0.002" errors="0">
  <testcase name="Appium2" time="0.001" classname="qaclickacademy.AppiumTest"/>
  <testcase name="Appium1" time="0.001" classname="qaclickacademy.AppiumTest"/>
</testsuite> <!-- qaclickacademy.AppiumTest -->
